C:\Users\damian.di.martino\Desktop\eCommercee\eCommerce\eCommerceAngular\dist\out-tsc\e2e\src\app.po.js
C:\Users\damian.di.martino\Desktop\eCommercee\eCommerce\eCommerceAngular\dist\out-tsc\e2e\src\app.po.js.map
C:\Users\damian.di.martino\Desktop\eCommercee\eCommerce\eCommerceAngular\dist\out-tsc\e2e\src\app.e2e-spec.js
C:\Users\damian.di.martino\Desktop\eCommercee\eCommerce\eCommerceAngular\dist\out-tsc\e2e\src\app.e2e-spec.js.map
C:\Users\damian.di.martino\Desktop\eCommercee\eCommerce\eCommerceAngular\dist\out-tsc\src\app\Models\Product.js
C:\Users\damian.di.martino\Desktop\eCommercee\eCommerce\eCommerceAngular\dist\out-tsc\src\app\Models\Product.js.map
C:\Users\damian.di.martino\Desktop\eCommercee\eCommerce\eCommerceAngular\dist\out-tsc\src\app\Services\product.service.js
C:\Users\damian.di.martino\Desktop\eCommercee\eCommerce\eCommerceAngular\dist\out-tsc\src\app\Services\product.service.js.map
C:\Users\damian.di.martino\Desktop\eCommercee\eCommerce\eCommerceAngular\dist\out-tsc\src\app\add-product\add-product.component.js
C:\Users\damian.di.martino\Desktop\eCommercee\eCommerce\eCommerceAngular\dist\out-tsc\src\app\add-product\add-product.component.js.map
C:\Users\damian.di.martino\Desktop\eCommercee\eCommerce\eCommerceAngular\dist\out-tsc\src\app\Models\User.js
C:\Users\damian.di.martino\Desktop\eCommercee\eCommerce\eCommerceAngular\dist\out-tsc\src\app\Models\User.js.map
C:\Users\damian.di.martino\Desktop\eCommercee\eCommerce\eCommerceAngular\dist\out-tsc\src\app\Services\user.service.js
C:\Users\damian.di.martino\Desktop\eCommercee\eCommerce\eCommerceAngular\dist\out-tsc\src\app\Services\user.service.js.map
C:\Users\damian.di.martino\Desktop\eCommercee\eCommerce\eCommerceAngular\dist\out-tsc\src\app\nav\nav.component.js
C:\Users\damian.di.martino\Desktop\eCommercee\eCommerce\eCommerceAngular\dist\out-tsc\src\app\nav\nav.component.js.map
C:\Users\damian.di.martino\Desktop\eCommercee\eCommerce\eCommerceAngular\dist\out-tsc\src\app\product-list\product-list.component.js
C:\Users\damian.di.martino\Desktop\eCommercee\eCommerce\eCommerceAngular\dist\out-tsc\src\app\product-list\product-list.component.js.map
C:\Users\damian.di.martino\Desktop\eCommercee\eCommerce\eCommerceAngular\dist\out-tsc\src\app\products\products.component.js
C:\Users\damian.di.martino\Desktop\eCommercee\eCommerce\eCommerceAngular\dist\out-tsc\src\app\products\products.component.js.map
C:\Users\damian.di.martino\Desktop\eCommercee\eCommerce\eCommerceAngular\dist\out-tsc\src\app\user-login\user-login.component.js
C:\Users\damian.di.martino\Desktop\eCommercee\eCommerce\eCommerceAngular\dist\out-tsc\src\app\user-login\user-login.component.js.map
C:\Users\damian.di.martino\Desktop\eCommercee\eCommerce\eCommerceAngular\dist\out-tsc\src\app\user-register\user-register.component.js
C:\Users\damian.di.martino\Desktop\eCommercee\eCommerce\eCommerceAngular\dist\out-tsc\src\app\user-register\user-register.component.js.map
C:\Users\damian.di.martino\Desktop\eCommercee\eCommerce\eCommerceAngular\dist\out-tsc\src\app\app-routing.module.js
C:\Users\damian.di.martino\Desktop\eCommercee\eCommerce\eCommerceAngular\dist\out-tsc\src\app\app-routing.module.js.map
C:\Users\damian.di.martino\Desktop\eCommercee\eCommerce\eCommerceAngular\dist\out-tsc\src\app\app.component.js
C:\Users\damian.di.martino\Desktop\eCommercee\eCommerce\eCommerceAngular\dist\out-tsc\src\app\app.component.js.map
C:\Users\damian.di.martino\Desktop\eCommercee\eCommerce\eCommerceAngular\dist\out-tsc\src\app\footer\footer.component.js
C:\Users\damian.di.martino\Desktop\eCommercee\eCommerce\eCommerceAngular\dist\out-tsc\src\app\footer\footer.component.js.map
C:\Users\damian.di.martino\Desktop\eCommercee\eCommerce\eCommerceAngular\dist\out-tsc\src\app\nuevo-component\nuevo-component.component.js
C:\Users\damian.di.martino\Desktop\eCommercee\eCommerce\eCommerceAngular\dist\out-tsc\src\app\nuevo-component\nuevo-component.component.js.map
C:\Users\damian.di.martino\Desktop\eCommercee\eCommerce\eCommerceAngular\dist\out-tsc\src\app\app.module.js
C:\Users\damian.di.martino\Desktop\eCommercee\eCommerce\eCommerceAngular\dist\out-tsc\src\app\app.module.js.map
C:\Users\damian.di.martino\Desktop\eCommercee\eCommerce\eCommerceAngular\dist\out-tsc\src\environments\environment.js
C:\Users\damian.di.martino\Desktop\eCommercee\eCommerce\eCommerceAngular\dist\out-tsc\src\environments\environment.js.map
C:\Users\damian.di.martino\Desktop\eCommercee\eCommerce\eCommerceAngular\dist\out-tsc\src\main.js
C:\Users\damian.di.martino\Desktop\eCommercee\eCommerce\eCommerceAngular\dist\out-tsc\src\main.js.map
C:\Users\damian.di.martino\Desktop\eCommercee\eCommerce\eCommerceAngular\dist\out-tsc\src\polyfills.js
C:\Users\damian.di.martino\Desktop\eCommercee\eCommerce\eCommerceAngular\dist\out-tsc\src\polyfills.js.map
C:\Users\damian.di.martino\Desktop\eCommercee\eCommerce\eCommerceAngular\dist\out-tsc\src\test.js
C:\Users\damian.di.martino\Desktop\eCommercee\eCommerce\eCommerceAngular\dist\out-tsc\src\test.js.map
C:\Users\damian.di.martino\Desktop\eCommercee\eCommerce\eCommerceAngular\dist\out-tsc\src\app\app.component.spec.js
C:\Users\damian.di.martino\Desktop\eCommercee\eCommerce\eCommerceAngular\dist\out-tsc\src\app\app.component.spec.js.map
C:\Users\damian.di.martino\Desktop\eCommercee\eCommerce\eCommerceAngular\dist\out-tsc\src\app\nuevo-service.service.js
C:\Users\damian.di.martino\Desktop\eCommercee\eCommerce\eCommerceAngular\dist\out-tsc\src\app\nuevo-service.service.js.map
C:\Users\damian.di.martino\Desktop\eCommercee\eCommerce\eCommerceAngular\dist\out-tsc\src\app\Models\Chart.js
C:\Users\damian.di.martino\Desktop\eCommercee\eCommerce\eCommerceAngular\dist\out-tsc\src\app\Models\Chart.js.map
C:\Users\damian.di.martino\Desktop\eCommercee\eCommerce\eCommerceAngular\dist\out-tsc\src\app\Models\Ticket.js
C:\Users\damian.di.martino\Desktop\eCommercee\eCommerce\eCommerceAngular\dist\out-tsc\src\app\Models\Ticket.js.map
C:\Users\damian.di.martino\Desktop\eCommercee\eCommerce\eCommerceAngular\dist\out-tsc\src\app\Models\TicketLine.js
C:\Users\damian.di.martino\Desktop\eCommercee\eCommerce\eCommerceAngular\dist\out-tsc\src\app\Models\TicketLine.js.map
C:\Users\damian.di.martino\Desktop\eCommercee\eCommerce\eCommerceAngular\dist\out-tsc\src\app\Services\product.service.spec.js
C:\Users\damian.di.martino\Desktop\eCommercee\eCommerce\eCommerceAngular\dist\out-tsc\src\app\Services\product.service.spec.js.map
C:\Users\damian.di.martino\Desktop\eCommercee\eCommerce\eCommerceAngular\dist\out-tsc\src\app\Services\user.service.spec.js
C:\Users\damian.di.martino\Desktop\eCommercee\eCommerce\eCommerceAngular\dist\out-tsc\src\app\Services\user.service.spec.js.map
C:\Users\damian.di.martino\Desktop\eCommercee\eCommerce\eCommerceAngular\dist\out-tsc\src\app\add-product\add-product.component.spec.js
C:\Users\damian.di.martino\Desktop\eCommercee\eCommerce\eCommerceAngular\dist\out-tsc\src\app\add-product\add-product.component.spec.js.map
C:\Users\damian.di.martino\Desktop\eCommercee\eCommerce\eCommerceAngular\dist\out-tsc\src\app\footer\footer.component.spec.js
C:\Users\damian.di.martino\Desktop\eCommercee\eCommerce\eCommerceAngular\dist\out-tsc\src\app\footer\footer.component.spec.js.map
C:\Users\damian.di.martino\Desktop\eCommercee\eCommerce\eCommerceAngular\dist\out-tsc\src\app\nav\nav.component.spec.js
C:\Users\damian.di.martino\Desktop\eCommercee\eCommerce\eCommerceAngular\dist\out-tsc\src\app\nav\nav.component.spec.js.map
C:\Users\damian.di.martino\Desktop\eCommercee\eCommerce\eCommerceAngular\dist\out-tsc\src\app\product-list\product-list.component.spec.js
C:\Users\damian.di.martino\Desktop\eCommercee\eCommerce\eCommerceAngular\dist\out-tsc\src\app\product-list\product-list.component.spec.js.map
C:\Users\damian.di.martino\Desktop\eCommercee\eCommerce\eCommerceAngular\dist\out-tsc\src\app\products\products.component.spec.js
C:\Users\damian.di.martino\Desktop\eCommercee\eCommerce\eCommerceAngular\dist\out-tsc\src\app\products\products.component.spec.js.map
C:\Users\damian.di.martino\Desktop\eCommercee\eCommerce\eCommerceAngular\dist\out-tsc\src\app\user-login\user-login.component.spec.js
C:\Users\damian.di.martino\Desktop\eCommercee\eCommerce\eCommerceAngular\dist\out-tsc\src\app\user-login\user-login.component.spec.js.map
C:\Users\damian.di.martino\Desktop\eCommercee\eCommerce\eCommerceAngular\dist\out-tsc\src\app\user-register\user-register.component.spec.js
C:\Users\damian.di.martino\Desktop\eCommercee\eCommerce\eCommerceAngular\dist\out-tsc\src\app\user-register\user-register.component.spec.js.map
C:\Users\damian.di.martino\Desktop\eCommercee\eCommerce\eCommerceAngular\dist\out-tsc\src\environments\environment.prod.js
C:\Users\damian.di.martino\Desktop\eCommercee\eCommerce\eCommerceAngular\dist\out-tsc\src\environments\environment.prod.js.map
